<?xml version="1.0" encoding="UTF-8"?>
<!-- Generated by org.testng.reporters.JUnitXMLReporter -->
<testsuite ignored="0" hostname="DESKTOP-UE12B8S" failures="0" tests="16" name="TestAddSub" time="0.058" errors="0" timestamp="2021-03-19T15:05:25 MSK">
  <testcase classname="HW1.AddTest" name="testAddDouble" time="0.003"/>
  <testcase classname="HW1.AddTest" name="testAddDouble" time="0.0"/>
  <testcase classname="HW1.AddTest" name="testAddDouble" time="0.0"/>
  <testcase classname="HW1.AddTest" name="testAddLong" time="0.0"/>
  <testcase classname="HW1.AddTest" name="testAddLong" time="0.0"/>
  <testcase classname="HW1.AddTest" name="testAddLong" time="0.0"/>
  <testcase classname="HW1.SubTest" name="testSubDouble" time="0.0"/>
  <testcase classname="HW1.SubTest" name="testSubDouble" time="0.001"/>
  <testcase classname="HW1.SubTest" name="testSubDouble" time="0.0"/>
  <testcase classname="HW1.SubTest" name="testSubDouble" time="0.0"/>
  <testcase classname="HW1.SubTest" name="testSubDouble" time="0.0"/>
  <testcase classname="HW1.SubTest" name="testSubLong" time="0.0"/>
  <testcase classname="HW1.SubTest" name="testSubLong" time="0.0"/>
  <testcase classname="HW1.SubTest" name="testSubLong" time="0.0"/>
  <testcase classname="HW1.SubTest" name="testSubLong" time="0.0"/>
  <testcase classname="HW1.SubTest" name="testSubLong" time="0.0"/>
</testsuite> <!-- TestAddSub -->
