<?xml version="1.0" encoding="UTF-8"?>
<testng-results ignored="0" total="16" passed="16" failed="0" skipped="0">
  <reporter-output>
  </reporter-output>
  <suite started-at="2021-03-19T15:05:25 MSK" name="AddSub" finished-at="2021-03-19T15:05:25 MSK" duration-ms="58">
    <groups>
    </groups>
    <test started-at="2021-03-19T15:05:25 MSK" name="TestAddSub" finished-at="2021-03-19T15:05:25 MSK" duration-ms="58">
      <class name="HW1.SubTest">
        <test-method is-config="true" signature="initCalculator()[pri:0, instance:HW1.SubTest@4c39bec8]" started-at="2021-03-19T15:05:25 MSK" name="initCalculator" finished-at="2021-03-19T15:05:25 MSK" duration-ms="0" status="PASS">
          <reporter-output>
          </reporter-output>
        </test-method> <!-- initCalculator -->
        <test-method signature="testSubDouble(java.lang.Double, java.lang.Double, java.lang.Double)[pri:0, instance:HW1.SubTest@4c39bec8]" started-at="2021-03-19T15:05:25 MSK" name="testSubDouble" data-provider="subDouble" finished-at="2021-03-19T15:05:25 MSK" duration-ms="1" status="PASS">
          <params>
            <param index="0">
              <value>
                <![CDATA[11.0]]>
              </value>
            </param>
            <param index="1">
              <value>
                <![CDATA[-1.0]]>
              </value>
            </param>
            <param index="2">
              <value>
                <![CDATA[12.0]]>
              </value>
            </param>
          </params>
          <reporter-output>
          </reporter-output>
        </test-method> <!-- testSubDouble -->
        <test-method signature="testSubDouble(java.lang.Double, java.lang.Double, java.lang.Double)[pri:0, instance:HW1.SubTest@4c39bec8]" started-at="2021-03-19T15:05:25 MSK" name="testSubDouble" data-provider="subDouble" finished-at="2021-03-19T15:05:25 MSK" duration-ms="0" status="PASS">
          <params>
            <param index="0">
              <value>
                <![CDATA[3.0]]>
              </value>
            </param>
            <param index="1">
              <value>
                <![CDATA[2.0]]>
              </value>
            </param>
            <param index="2">
              <value>
                <![CDATA[1.0]]>
              </value>
            </param>
          </params>
          <reporter-output>
          </reporter-output>
        </test-method> <!-- testSubDouble -->
        <test-method signature="testSubDouble(java.lang.Double, java.lang.Double, java.lang.Double)[pri:0, instance:HW1.SubTest@4c39bec8]" started-at="2021-03-19T15:05:25 MSK" name="testSubDouble" data-provider="subDouble" finished-at="2021-03-19T15:05:25 MSK" duration-ms="0" status="PASS">
          <params>
            <param index="0">
              <value>
                <![CDATA[120.0]]>
              </value>
            </param>
            <param index="1">
              <value>
                <![CDATA[0.0]]>
              </value>
            </param>
            <param index="2">
              <value>
                <![CDATA[120.0]]>
              </value>
            </param>
          </params>
          <reporter-output>
          </reporter-output>
        </test-method> <!-- testSubDouble -->
        <test-method signature="testSubDouble(java.lang.Double, java.lang.Double, java.lang.Double)[pri:0, instance:HW1.SubTest@4c39bec8]" started-at="2021-03-19T15:05:25 MSK" name="testSubDouble" data-provider="subDouble" finished-at="2021-03-19T15:05:25 MSK" duration-ms="0" status="PASS">
          <params>
            <param index="0">
              <value>
                <![CDATA[-20.0]]>
              </value>
            </param>
            <param index="1">
              <value>
                <![CDATA[10.0]]>
              </value>
            </param>
            <param index="2">
              <value>
                <![CDATA[-30.0]]>
              </value>
            </param>
          </params>
          <reporter-output>
          </reporter-output>
        </test-method> <!-- testSubDouble -->
        <test-method signature="testSubDouble(java.lang.Double, java.lang.Double, java.lang.Double)[pri:0, instance:HW1.SubTest@4c39bec8]" started-at="2021-03-19T15:05:25 MSK" name="testSubDouble" data-provider="subDouble" finished-at="2021-03-19T15:05:25 MSK" duration-ms="0" status="PASS">
          <params>
            <param index="0">
              <value>
                <![CDATA[-12.0]]>
              </value>
            </param>
            <param index="1">
              <value>
                <![CDATA[-11.0]]>
              </value>
            </param>
            <param index="2">
              <value>
                <![CDATA[-1.0]]>
              </value>
            </param>
          </params>
          <reporter-output>
          </reporter-output>
        </test-method> <!-- testSubDouble -->
        <test-method signature="testSubLong(java.lang.Long, java.lang.Long, java.lang.Long)[pri:0, instance:HW1.SubTest@4c39bec8]" started-at="2021-03-19T15:05:25 MSK" name="testSubLong" data-provider="subLong" finished-at="2021-03-19T15:05:25 MSK" duration-ms="0" status="PASS">
          <params>
            <param index="0">
              <value>
                <![CDATA[13]]>
              </value>
            </param>
            <param index="1">
              <value>
                <![CDATA[12]]>
              </value>
            </param>
            <param index="2">
              <value>
                <![CDATA[1]]>
              </value>
            </param>
          </params>
          <reporter-output>
          </reporter-output>
        </test-method> <!-- testSubLong -->
        <test-method signature="testSubLong(java.lang.Long, java.lang.Long, java.lang.Long)[pri:0, instance:HW1.SubTest@4c39bec8]" started-at="2021-03-19T15:05:25 MSK" name="testSubLong" data-provider="subLong" finished-at="2021-03-19T15:05:25 MSK" duration-ms="0" status="PASS">
          <params>
            <param index="0">
              <value>
                <![CDATA[21]]>
              </value>
            </param>
            <param index="1">
              <value>
                <![CDATA[-1]]>
              </value>
            </param>
            <param index="2">
              <value>
                <![CDATA[22]]>
              </value>
            </param>
          </params>
          <reporter-output>
          </reporter-output>
        </test-method> <!-- testSubLong -->
        <test-method signature="testSubLong(java.lang.Long, java.lang.Long, java.lang.Long)[pri:0, instance:HW1.SubTest@4c39bec8]" started-at="2021-03-19T15:05:25 MSK" name="testSubLong" data-provider="subLong" finished-at="2021-03-19T15:05:25 MSK" duration-ms="0" status="PASS">
          <params>
            <param index="0">
              <value>
                <![CDATA[100]]>
              </value>
            </param>
            <param index="1">
              <value>
                <![CDATA[0]]>
              </value>
            </param>
            <param index="2">
              <value>
                <![CDATA[100]]>
              </value>
            </param>
          </params>
          <reporter-output>
          </reporter-output>
        </test-method> <!-- testSubLong -->
        <test-method signature="testSubLong(java.lang.Long, java.lang.Long, java.lang.Long)[pri:0, instance:HW1.SubTest@4c39bec8]" started-at="2021-03-19T15:05:25 MSK" name="testSubLong" data-provider="subLong" finished-at="2021-03-19T15:05:25 MSK" duration-ms="0" status="PASS">
          <params>
            <param index="0">
              <value>
                <![CDATA[-2]]>
              </value>
            </param>
            <param index="1">
              <value>
                <![CDATA[20]]>
              </value>
            </param>
            <param index="2">
              <value>
                <![CDATA[-22]]>
              </value>
            </param>
          </params>
          <reporter-output>
          </reporter-output>
        </test-method> <!-- testSubLong -->
        <test-method signature="testSubLong(java.lang.Long, java.lang.Long, java.lang.Long)[pri:0, instance:HW1.SubTest@4c39bec8]" started-at="2021-03-19T15:05:25 MSK" name="testSubLong" data-provider="subLong" finished-at="2021-03-19T15:05:25 MSK" duration-ms="0" status="PASS">
          <params>
            <param index="0">
              <value>
                <![CDATA[-3]]>
              </value>
            </param>
            <param index="1">
              <value>
                <![CDATA[-10]]>
              </value>
            </param>
            <param index="2">
              <value>
                <![CDATA[7]]>
              </value>
            </param>
          </params>
          <reporter-output>
          </reporter-output>
        </test-method> <!-- testSubLong -->
      </class> <!-- HW1.SubTest -->
      <class name="HW1.AddTest">
        <test-method is-config="true" signature="initCalculator()[pri:0, instance:HW1.AddTest@8c3b9d]" started-at="2021-03-19T15:05:25 MSK" name="initCalculator" finished-at="2021-03-19T15:05:25 MSK" duration-ms="8" status="PASS">
          <reporter-output>
          </reporter-output>
        </test-method> <!-- initCalculator -->
        <test-method signature="testAddDouble(java.lang.Double, java.lang.Double, java.lang.Double)[pri:0, instance:HW1.AddTest@8c3b9d]" started-at="2021-03-19T15:05:25 MSK" name="testAddDouble" data-provider="addDouble" finished-at="2021-03-19T15:05:25 MSK" duration-ms="3" status="PASS">
          <params>
            <param index="0">
              <value>
                <![CDATA[11.0]]>
              </value>
            </param>
            <param index="1">
              <value>
                <![CDATA[22.0]]>
              </value>
            </param>
            <param index="2">
              <value>
                <![CDATA[33.0]]>
              </value>
            </param>
          </params>
          <reporter-output>
          </reporter-output>
        </test-method> <!-- testAddDouble -->
        <test-method signature="testAddDouble(java.lang.Double, java.lang.Double, java.lang.Double)[pri:0, instance:HW1.AddTest@8c3b9d]" started-at="2021-03-19T15:05:25 MSK" name="testAddDouble" data-provider="addDouble" finished-at="2021-03-19T15:05:25 MSK" duration-ms="0" status="PASS">
          <params>
            <param index="0">
              <value>
                <![CDATA[11.0]]>
              </value>
            </param>
            <param index="1">
              <value>
                <![CDATA[-1.0]]>
              </value>
            </param>
            <param index="2">
              <value>
                <![CDATA[10.0]]>
              </value>
            </param>
          </params>
          <reporter-output>
          </reporter-output>
        </test-method> <!-- testAddDouble -->
        <test-method signature="testAddDouble(java.lang.Double, java.lang.Double, java.lang.Double)[pri:0, instance:HW1.AddTest@8c3b9d]" started-at="2021-03-19T15:05:25 MSK" name="testAddDouble" data-provider="addDouble" finished-at="2021-03-19T15:05:25 MSK" duration-ms="0" status="PASS">
          <params>
            <param index="0">
              <value>
                <![CDATA[101.0]]>
              </value>
            </param>
            <param index="1">
              <value>
                <![CDATA[0.0]]>
              </value>
            </param>
            <param index="2">
              <value>
                <![CDATA[101.0]]>
              </value>
            </param>
          </params>
          <reporter-output>
          </reporter-output>
        </test-method> <!-- testAddDouble -->
        <test-method signature="testAddLong(java.lang.Long, java.lang.Long, java.lang.Long)[pri:0, instance:HW1.AddTest@8c3b9d]" started-at="2021-03-19T15:05:25 MSK" name="testAddLong" data-provider="addLong" finished-at="2021-03-19T15:05:25 MSK" duration-ms="0" status="PASS">
          <params>
            <param index="0">
              <value>
                <![CDATA[1]]>
              </value>
            </param>
            <param index="1">
              <value>
                <![CDATA[2]]>
              </value>
            </param>
            <param index="2">
              <value>
                <![CDATA[3]]>
              </value>
            </param>
          </params>
          <reporter-output>
          </reporter-output>
        </test-method> <!-- testAddLong -->
        <test-method signature="testAddLong(java.lang.Long, java.lang.Long, java.lang.Long)[pri:0, instance:HW1.AddTest@8c3b9d]" started-at="2021-03-19T15:05:25 MSK" name="testAddLong" data-provider="addLong" finished-at="2021-03-19T15:05:25 MSK" duration-ms="0" status="PASS">
          <params>
            <param index="0">
              <value>
                <![CDATA[1]]>
              </value>
            </param>
            <param index="1">
              <value>
                <![CDATA[-1]]>
              </value>
            </param>
            <param index="2">
              <value>
                <![CDATA[0]]>
              </value>
            </param>
          </params>
          <reporter-output>
          </reporter-output>
        </test-method> <!-- testAddLong -->
        <test-method signature="testAddLong(java.lang.Long, java.lang.Long, java.lang.Long)[pri:0, instance:HW1.AddTest@8c3b9d]" started-at="2021-03-19T15:05:25 MSK" name="testAddLong" data-provider="addLong" finished-at="2021-03-19T15:05:25 MSK" duration-ms="0" status="PASS">
          <params>
            <param index="0">
              <value>
                <![CDATA[100]]>
              </value>
            </param>
            <param index="1">
              <value>
                <![CDATA[0]]>
              </value>
            </param>
            <param index="2">
              <value>
                <![CDATA[100]]>
              </value>
            </param>
          </params>
          <reporter-output>
          </reporter-output>
        </test-method> <!-- testAddLong -->
      </class> <!-- HW1.AddTest -->
    </test> <!-- TestAddSub -->
  </suite> <!-- AddSub -->
</testng-results>
