<?xml version="1.0" encoding="UTF-8"?>
<testsuite xmlns:xsi="http://www.w3.org/2001/XMLSchema-instance" xsi:noNamespaceSchemaLocation="https://maven.apache.org/surefire/maven-surefire-plugin/xsd/surefire-test-report-3.0.xsd" version="3.0" name="TestSuite" time="0.796" tests="16" errors="0" skipped="0" failures="0">
  <properties>
[...]
</properties>
  <testcase name="testAddDouble[11.0, 22.0, 33.0](1)" classname="HW1.AddTest" time="0.006"/>
  <testcase name="testAddDouble[11.0, -1.0, 10.0](2)" classname="HW1.AddTest" time="0"/>
  <testcase name="testAddDouble[101.0, 0.0, 101.0](3)" classname="HW1.AddTest" time="0"/>
  <testcase name="testAddLong[1, 2, 3](1)" classname="HW1.AddTest" time="0"/>
  <testcase name="testAddLong[1, -1, 0](2)" classname="HW1.AddTest" time="0"/>
  <testcase name="testAddLong[100, 0, 100](3)" classname="HW1.AddTest" time="0"/>
  <testcase name="testSubDouble[3.0, 2.0, 1.0](1)" classname="HW1.SubTest" time="0"/>
  <testcase name="testSubDouble[11.0, -1.0, 12.0](2)" classname="HW1.SubTest" time="0.002"/>
  <testcase name="testSubDouble[120.0, 0.0, 120.0](3)" classname="HW1.SubTest" time="0.001"/>
  <testcase name="testSubDouble[-20.0, 10.0, -30.0](4)" classname="HW1.SubTest" time="0"/>
  <testcase name="testSubDouble[-12.0, -11.0, -1.0](5)" classname="HW1.SubTest" time="0.001"/>
  <testcase name="testSubLong[13, 12, 1](1)" classname="HW1.SubTest" time="0"/>
  <testcase name="testSubLong[21, -1, 22](2)" classname="HW1.SubTest" time="0"/>
  <testcase name="testSubLong[100, 0, 100](3)" classname="HW1.SubTest" time="0"/>
  <testcase name="testSubLong[-2, 20, -22](4)" classname="HW1.SubTest" time="0.001"/>
  <testcase name="testSubLong[-3, -10, 7](5)" classname="HW1.SubTest" time="0"/>
</testsuite>